<?xml version="1.0" encoding="UTF-8"?>
<!-- Generated by org.testng.reporters.JUnitReportReporter -->
<testsuite hostname="Omonjons-MacBook-Pro.local" failures="0" tests="1" name="com.techcenture.academy.tests.ContactUsPageTests" time="10.846" errors="0" timestamp="19 Jan 2022 02:55:41 GMT">
  <testcase classname="com.techcenture.academy.tests.ContactUsPageTests" name="contactUsPageEndToEndTest" time="10.846"/>
</testsuite> <!-- com.techcenture.academy.tests.ContactUsPageTests -->
